<?xml version="1.0" encoding="UTF-8"?>
<!-- Generated by org.testng.reporters.JUnitReportReporter -->
<testsuite skipped="0" hostname="ASDP1590PO02037" name="com.qainfotech.training.AppTest" tests="4" failures="0" timestamp="27 Jun 2018 05:16:59 GMT" time="7.311" errors="0">
  <testcase name="shouldAnswerWithTrue" time="0.007" classname="com.qainfotech.training.AppTest"/>
  <testcase name="setLogin1" time="0.722" classname="com.qainfotech.training.AppTest"/>
  <testcase name="enter_username_incorrect_password" time="1.275" classname="com.qainfotech.training.AppTest"/>
  <testcase name="enter_username_correct_password" time="5.307" classname="com.qainfotech.training.AppTest"/>
</testsuite> <!-- com.qainfotech.training.AppTest -->
